This is XeTeX, Version 3.141592653-2.6-0.999994 (MiKTeX 22.3) (preloaded format=xelatex 2022.5.6)  10 MAY 2022 14:01
entering extended mode
 restricted \write18 enabled.
 %&-line parsing enabled.
**./section_3.1.tex
(section_3.1.tex
LaTeX2e <2021-11-15> patch level 1
L3 programming layer <2022-04-29>
(C:\Users\QSnake\AppData\Local\Programs\MiKTeX\tex/latex/exam\exam.cls
Document Class: exam 2021/02/26 Version 2.7 by Philip Hirschhorn
(C:\Users\QSnake\AppData\Local\Programs\MiKTeX\tex/latex/base\ifthen.sty
Package: ifthen 2020/11/24 v1.1c Standard LaTeX ifthen package (DPC)
)
(C:\Users\QSnake\AppData\Local\Programs\MiKTeX\tex/latex/base\article.cls
Document Class: article 2021/10/04 v1.4n Standard LaTeX document class
(C:\Users\QSnake\AppData\Local\Programs\MiKTeX\tex/latex/base\size10.clo
File: size10.clo 2021/10/04 v1.4n Standard LaTeX file (size option)
)
\c@part=\count181
\c@section=\count182
\c@subsection=\count183
\c@subsubsection=\count184
\c@paragraph=\count185
\c@subparagraph=\count186
\c@figure=\count187
\c@table=\count188
\abovecaptionskip=\skip47
\belowcaptionskip=\skip48
\bibindent=\dimen138
)
\@extrawidth=\skip49
\@rightmargin=\skip50
\@extrahead=\skip51
\@extrafoot=\skip52
\run@exhd=\skip53
\fp@exhd=\skip54
\run@exft=\skip55
\fp@exft=\skip56
\covrun@exhd=\skip57
\covfp@exhd=\skip58
\covrun@exft=\skip59
\covfp@exft=\skip60
\c@num@coverpages=\count189
\c@latest@ques=\count190
\c@ques@end=\count191
\c@last@object=\count192
\c@incmp@ques=\count193
\c@next@ques=\count194
\c@next@page=\count195
\c@tmp@hlfcntr=\count196
\c@ifpos@cntr=\count197
\c@question=\count198
\c@partno=\count199
\c@subpart=\count266
\c@subsubpart=\count267
\c@choice=\count268
\c@numpoints=\count269
\c@numbonuspoints=\count270
\c@pointsof@thisquestion=\count271
\c@bonuspointsof@thisquestion=\count272
\c@numquestions=\count273
\c@numparts=\count274
\c@numsubparts=\count275
\c@numsubsubparts=\count276
\c@Curr@Page=\count277
\c@@pagepoints=\count278
\c@@pagebonuspoints=\count279
\c@pageof@pagepoints=\count280
\c@pageof@pagebonuspoints=\count281
\c@latest@points=\count282
\c@latest@bonuspoints=\count283
\pageinfo@commands=\toks16
\temp@toks=\toks17
\pagepoint@commands=\toks18
\point@toks=\toks19
\c@ques@object=\count284
\marginpointssep=\skip61
\rightpointsmargin=\skip62
\choice@toks=\toks20
\answerlinelength=\skip63
\answerskip=\skip64
\answerclearance=\skip65
\fillinlinelength=\skip66
\linefillheight=\skip67
\linefillthickness=\skip68
\dottedlinefillheight=\skip69
\gridsize=\skip70
\gridlinewidth=\skip71
\minboxheight=\skip72
\c@@iterator=\count285
\@cellwidth=\skip73
\c@tbl@points=\count286
\c@tbl@bonuspoints=\count287
\c@pq@index=\count288
\c@pq@index@pts=\count289
\c@pq@index@bpts=\count290
\c@num@cols=\count291
\c@num@rows=\count292
\c@current@row=\count293
\c@cols@done=\count294
\exam@box=\box50
\saved@totalleftmargin=\dimen139
\@sollistdepth=\count295
\exam@FrameRule=\dimen140
\exam@FrameSep=\dimen141
)
(C:\Users\QSnake\AppData\Local\Programs\MiKTeX\tex/latex/amsmath\amsmath.sty
Package: amsmath 2021/10/15 v2.17l AMS math features
\@mathmargin=\skip74

For additional information on amsmath, use the `?' option.
(C:\Users\QSnake\AppData\Local\Programs\MiKTeX\tex/latex/amsmath\amstext.sty
Package: amstext 2021/08/26 v2.01 AMS text

(C:\Users\QSnake\AppData\Local\Programs\MiKTeX\tex/latex/amsmath\amsgen.sty
File: amsgen.sty 1999/11/30 v2.0 generic functions
\@emptytoks=\toks21
\ex@=\dimen142
))
(C:\Users\QSnake\AppData\Local\Programs\MiKTeX\tex/latex/amsmath\amsbsy.sty
Package: amsbsy 1999/11/29 v1.2d Bold Symbols
\pmbraise@=\dimen143
)
(C:\Users\QSnake\AppData\Local\Programs\MiKTeX\tex/latex/amsmath\amsopn.sty
Package: amsopn 2021/08/26 v2.02 operator names
)
\inf@bad=\count296
LaTeX Info: Redefining \frac on input line 234.
\uproot@=\count297
\leftroot@=\count298
LaTeX Info: Redefining \overline on input line 399.
\classnum@=\count299
\DOTSCASE@=\count300
LaTeX Info: Redefining \ldots on input line 496.
LaTeX Info: Redefining \dots on input line 499.
LaTeX Info: Redefining \cdots on input line 620.
\Mathstrutbox@=\box51
\strutbox@=\box52
\big@size=\dimen144
LaTeX Font Info:    Redeclaring font encoding OML on input line 743.
LaTeX Font Info:    Redeclaring font encoding OMS on input line 744.
\macc@depth=\count301
\c@MaxMatrixCols=\count302
\dotsspace@=\muskip16
\c@parentequation=\count303
\dspbrk@lvl=\count304
\tag@help=\toks22
\row@=\count305
\column@=\count306
\maxfields@=\count307
\andhelp@=\toks23
\eqnshift@=\dimen145
\alignsep@=\dimen146
\tagshift@=\dimen147
\tagwidth@=\dimen148
\totwidth@=\dimen149
\lineht@=\dimen150
\@envbody=\toks24
\multlinegap=\skip75
\multlinetaggap=\skip76
\mathdisplay@stack=\toks25
LaTeX Info: Redefining \[ on input line 2938.
LaTeX Info: Redefining \] on input line 2939.
)
(C:\Users\QSnake\AppData\Local\Programs\MiKTeX\tex/latex/amsfonts\amssymb.sty
Package: amssymb 2013/01/14 v3.01 AMS font symbols

(C:\Users\QSnake\AppData\Local\Programs\MiKTeX\tex/latex/amsfonts\amsfonts.sty
Package: amsfonts 2013/01/14 v3.01 Basic AMSFonts support
\symAMSa=\mathgroup4
\symAMSb=\mathgroup5
LaTeX Font Info:    Redeclaring math symbol \hbar on input line 98.
LaTeX Font Info:    Overwriting math alphabet `\mathfrak' in version `bold'
(Font)                  U/euf/m/n --> U/euf/b/n on input line 106.
)) (C:\Users\QSnake\AppData\Local\Programs\MiKTeX\tex/latex/amscls\amsthm.sty
Package: amsthm 2020/05/29 v2.20.6
\thm@style=\toks26
\thm@bodyfont=\toks27
\thm@headfont=\toks28
\thm@notefont=\toks29
\thm@headpunct=\toks30
\thm@preskip=\skip77
\thm@postskip=\skip78
\thm@headsep=\skip79
\dth@everypar=\toks31
)
(C:\Users\QSnake\AppData\Local\Programs\MiKTeX\tex/latex/jknappen\mathrsfs.sty
Package: mathrsfs 1996/01/01 Math RSFS package v1.0 (jk)
\symrsfs=\mathgroup6
)
(C:\Users\QSnake\AppData\Local\Programs\MiKTeX\tex/latex/pgf/basiclayer\pgf.sty

(C:\Users\QSnake\AppData\Local\Programs\MiKTeX\tex/latex/pgf/utilities\pgfrcs.s
ty
(C:\Users\QSnake\AppData\Local\Programs\MiKTeX\tex/generic/pgf/utilities\pgfuti
l-common.tex
\pgfutil@everybye=\toks32
\pgfutil@tempdima=\dimen151
\pgfutil@tempdimb=\dimen152

(C:\Users\QSnake\AppData\Local\Programs\MiKTeX\tex/generic/pgf/utilities\pgfuti
l-common-lists.tex))
(C:\Users\QSnake\AppData\Local\Programs\MiKTeX\tex/generic/pgf/utilities\pgfuti
l-latex.def
\pgfutil@abb=\box53
)
(C:\Users\QSnake\AppData\Local\Programs\MiKTeX\tex/generic/pgf/utilities\pgfrcs
.code.tex
(C:\Users\QSnake\AppData\Local\Programs\MiKTeX\tex/generic/pgf\pgf.revision.tex
)
Package: pgfrcs 2021/05/15 v3.1.9a (3.1.9a)
))
Package: pgf 2021/05/15 v3.1.9a (3.1.9a)

(C:\Users\QSnake\AppData\Local\Programs\MiKTeX\tex/latex/pgf/basiclayer\pgfcore
.sty
(C:\Users\QSnake\AppData\Local\Programs\MiKTeX\tex/latex/graphics\graphicx.sty
Package: graphicx 2021/09/16 v1.2d Enhanced LaTeX Graphics (DPC,SPQR)

(C:\Users\QSnake\AppData\Local\Programs\MiKTeX\tex/latex/graphics\keyval.sty
Package: keyval 2014/10/28 v1.15 key=value parser (DPC)
\KV@toks@=\toks33
)
(C:\Users\QSnake\AppData\Local\Programs\MiKTeX\tex/latex/graphics\graphics.sty
Package: graphics 2021/03/04 v1.4d Standard LaTeX Graphics (DPC,SPQR)

(C:\Users\QSnake\AppData\Local\Programs\MiKTeX\tex/latex/graphics\trig.sty
Package: trig 2021/08/11 v1.11 sin cos tan (DPC)
)
(C:\Users\QSnake\AppData\Local\Programs\MiKTeX\tex/latex/graphics-cfg\graphics.
cfg
File: graphics.cfg 2016/06/04 v1.11 sample graphics configuration
)
Package graphics Info: Driver file: xetex.def on input line 107.

(C:\Users\QSnake\AppData\Local\Programs\MiKTeX\tex/latex/graphics-def\xetex.def
File: xetex.def 2022/04/16 v5.0m Graphics/color driver for xetex
))
\Gin@req@height=\dimen153
\Gin@req@width=\dimen154
)
(C:\Users\QSnake\AppData\Local\Programs\MiKTeX\tex/latex/pgf/systemlayer\pgfsys
.sty
(C:\Users\QSnake\AppData\Local\Programs\MiKTeX\tex/generic/pgf/systemlayer\pgfs
ys.code.tex
Package: pgfsys 2021/05/15 v3.1.9a (3.1.9a)

(C:\Users\QSnake\AppData\Local\Programs\MiKTeX\tex/generic/pgf/utilities\pgfkey
s.code.tex
\pgfkeys@pathtoks=\toks34
\pgfkeys@temptoks=\toks35

(C:\Users\QSnake\AppData\Local\Programs\MiKTeX\tex/generic/pgf/utilities\pgfkey
sfiltered.code.tex
\pgfkeys@tmptoks=\toks36
))
\pgf@x=\dimen155
\pgf@y=\dimen156
\pgf@xa=\dimen157
\pgf@ya=\dimen158
\pgf@xb=\dimen159
\pgf@yb=\dimen160
\pgf@xc=\dimen161
\pgf@yc=\dimen162
\pgf@xd=\dimen163
\pgf@yd=\dimen164
\w@pgf@writea=\write3
\r@pgf@reada=\read2
\c@pgf@counta=\count308
\c@pgf@countb=\count309
\c@pgf@countc=\count310
\c@pgf@countd=\count311
\t@pgf@toka=\toks37
\t@pgf@tokb=\toks38
\t@pgf@tokc=\toks39
\pgf@sys@id@count=\count312

(C:\Users\QSnake\AppData\Local\Programs\MiKTeX\tex/generic/pgf/systemlayer\pgf.
cfg
File: pgf.cfg 2021/05/15 v3.1.9a (3.1.9a)
)
Driver file for pgf: pgfsys-xetex.def

(C:\Users\QSnake\AppData\Local\Programs\MiKTeX\tex/generic/pgf/systemlayer\pgfs
ys-xetex.def
File: pgfsys-xetex.def 2021/05/15 v3.1.9a (3.1.9a)

(C:\Users\QSnake\AppData\Local\Programs\MiKTeX\tex/generic/pgf/systemlayer\pgfs
ys-dvipdfmx.def
File: pgfsys-dvipdfmx.def 2021/05/15 v3.1.9a (3.1.9a)

(C:\Users\QSnake\AppData\Local\Programs\MiKTeX\tex/generic/pgf/systemlayer\pgfs
ys-common-pdf.def
File: pgfsys-common-pdf.def 2021/05/15 v3.1.9a (3.1.9a)
)
\pgfsys@objnum=\count313
)))
(C:\Users\QSnake\AppData\Local\Programs\MiKTeX\tex/generic/pgf/systemlayer\pgfs
yssoftpath.code.tex
File: pgfsyssoftpath.code.tex 2021/05/15 v3.1.9a (3.1.9a)
\pgfsyssoftpath@smallbuffer@items=\count314
\pgfsyssoftpath@bigbuffer@items=\count315
)
(C:\Users\QSnake\AppData\Local\Programs\MiKTeX\tex/generic/pgf/systemlayer\pgfs
ysprotocol.code.tex
File: pgfsysprotocol.code.tex 2021/05/15 v3.1.9a (3.1.9a)
))
(C:\Users\QSnake\AppData\Local\Programs\MiKTeX\tex/latex/xcolor\xcolor.sty
Package: xcolor 2021/10/31 v2.13 LaTeX color extensions (UK)

(C:\Users\QSnake\AppData\Local\Programs\MiKTeX\tex/latex/graphics-cfg\color.cfg
File: color.cfg 2016/01/02 v1.6 sample color configuration
)
Package xcolor Info: Driver file: xetex.def on input line 227.
Package xcolor Info: Model `cmy' substituted by `cmy0' on input line 1352.
Package xcolor Info: Model `RGB' extended on input line 1368.
Package xcolor Info: Model `HTML' substituted by `rgb' on input line 1370.
Package xcolor Info: Model `Hsb' substituted by `hsb' on input line 1371.
Package xcolor Info: Model `tHsb' substituted by `hsb' on input line 1372.
Package xcolor Info: Model `HSB' substituted by `hsb' on input line 1373.
Package xcolor Info: Model `Gray' substituted by `gray' on input line 1374.
Package xcolor Info: Model `wave' substituted by `hsb' on input line 1375.
)
(C:\Users\QSnake\AppData\Local\Programs\MiKTeX\tex/generic/pgf/basiclayer\pgfco
re.code.tex
Package: pgfcore 2021/05/15 v3.1.9a (3.1.9a)

(C:\Users\QSnake\AppData\Local\Programs\MiKTeX\tex/generic/pgf/math\pgfmath.cod
e.tex
(C:\Users\QSnake\AppData\Local\Programs\MiKTeX\tex/generic/pgf/math\pgfmathcalc
.code.tex
(C:\Users\QSnake\AppData\Local\Programs\MiKTeX\tex/generic/pgf/math\pgfmathutil
.code.tex)
(C:\Users\QSnake\AppData\Local\Programs\MiKTeX\tex/generic/pgf/math\pgfmathpars
er.code.tex
\pgfmath@dimen=\dimen165
\pgfmath@count=\count316
\pgfmath@box=\box54
\pgfmath@toks=\toks40
\pgfmath@stack@operand=\toks41
\pgfmath@stack@operation=\toks42
)
(C:\Users\QSnake\AppData\Local\Programs\MiKTeX\tex/generic/pgf/math\pgfmathfunc
tions.code.tex
(C:\Users\QSnake\AppData\Local\Programs\MiKTeX\tex/generic/pgf/math\pgfmathfunc
tions.basic.code.tex)
(C:\Users\QSnake\AppData\Local\Programs\MiKTeX\tex/generic/pgf/math\pgfmathfunc
tions.trigonometric.code.tex)
(C:\Users\QSnake\AppData\Local\Programs\MiKTeX\tex/generic/pgf/math\pgfmathfunc
tions.random.code.tex)
(C:\Users\QSnake\AppData\Local\Programs\MiKTeX\tex/generic/pgf/math\pgfmathfunc
tions.comparison.code.tex)
(C:\Users\QSnake\AppData\Local\Programs\MiKTeX\tex/generic/pgf/math\pgfmathfunc
tions.base.code.tex)
(C:\Users\QSnake\AppData\Local\Programs\MiKTeX\tex/generic/pgf/math\pgfmathfunc
tions.round.code.tex)
(C:\Users\QSnake\AppData\Local\Programs\MiKTeX\tex/generic/pgf/math\pgfmathfunc
tions.misc.code.tex)
(C:\Users\QSnake\AppData\Local\Programs\MiKTeX\tex/generic/pgf/math\pgfmathfunc
tions.integerarithmetics.code.tex)))
(C:\Users\QSnake\AppData\Local\Programs\MiKTeX\tex/generic/pgf/math\pgfmathfloa
t.code.tex
\c@pgfmathroundto@lastzeros=\count317
))
(C:\Users\QSnake\AppData\Local\Programs\MiKTeX\tex/generic/pgf/math\pgfint.code
.tex)
(C:\Users\QSnake\AppData\Local\Programs\MiKTeX\tex/generic/pgf/basiclayer\pgfco
repoints.code.tex
File: pgfcorepoints.code.tex 2021/05/15 v3.1.9a (3.1.9a)
\pgf@picminx=\dimen166
\pgf@picmaxx=\dimen167
\pgf@picminy=\dimen168
\pgf@picmaxy=\dimen169
\pgf@pathminx=\dimen170
\pgf@pathmaxx=\dimen171
\pgf@pathminy=\dimen172
\pgf@pathmaxy=\dimen173
\pgf@xx=\dimen174
\pgf@xy=\dimen175
\pgf@yx=\dimen176
\pgf@yy=\dimen177
\pgf@zx=\dimen178
\pgf@zy=\dimen179
)
(C:\Users\QSnake\AppData\Local\Programs\MiKTeX\tex/generic/pgf/basiclayer\pgfco
repathconstruct.code.tex
File: pgfcorepathconstruct.code.tex 2021/05/15 v3.1.9a (3.1.9a)
\pgf@path@lastx=\dimen180
\pgf@path@lasty=\dimen181
)
(C:\Users\QSnake\AppData\Local\Programs\MiKTeX\tex/generic/pgf/basiclayer\pgfco
repathusage.code.tex
File: pgfcorepathusage.code.tex 2021/05/15 v3.1.9a (3.1.9a)
\pgf@shorten@end@additional=\dimen182
\pgf@shorten@start@additional=\dimen183
)
(C:\Users\QSnake\AppData\Local\Programs\MiKTeX\tex/generic/pgf/basiclayer\pgfco
rescopes.code.tex
File: pgfcorescopes.code.tex 2021/05/15 v3.1.9a (3.1.9a)
\pgfpic=\box55
\pgf@hbox=\box56
\pgf@layerbox@main=\box57
\pgf@picture@serial@count=\count318
)
(C:\Users\QSnake\AppData\Local\Programs\MiKTeX\tex/generic/pgf/basiclayer\pgfco
regraphicstate.code.tex
File: pgfcoregraphicstate.code.tex 2021/05/15 v3.1.9a (3.1.9a)
\pgflinewidth=\dimen184
)
(C:\Users\QSnake\AppData\Local\Programs\MiKTeX\tex/generic/pgf/basiclayer\pgfco
retransformations.code.tex
File: pgfcoretransformations.code.tex 2021/05/15 v3.1.9a (3.1.9a)
\pgf@pt@x=\dimen185
\pgf@pt@y=\dimen186
\pgf@pt@temp=\dimen187
)
(C:\Users\QSnake\AppData\Local\Programs\MiKTeX\tex/generic/pgf/basiclayer\pgfco
requick.code.tex
File: pgfcorequick.code.tex 2021/05/15 v3.1.9a (3.1.9a)
)
(C:\Users\QSnake\AppData\Local\Programs\MiKTeX\tex/generic/pgf/basiclayer\pgfco
reobjects.code.tex
File: pgfcoreobjects.code.tex 2021/05/15 v3.1.9a (3.1.9a)
)
(C:\Users\QSnake\AppData\Local\Programs\MiKTeX\tex/generic/pgf/basiclayer\pgfco
repathprocessing.code.tex
File: pgfcorepathprocessing.code.tex 2021/05/15 v3.1.9a (3.1.9a)
)
(C:\Users\QSnake\AppData\Local\Programs\MiKTeX\tex/generic/pgf/basiclayer\pgfco
rearrows.code.tex
File: pgfcorearrows.code.tex 2021/05/15 v3.1.9a (3.1.9a)
\pgfarrowsep=\dimen188
)
(C:\Users\QSnake\AppData\Local\Programs\MiKTeX\tex/generic/pgf/basiclayer\pgfco
reshade.code.tex
File: pgfcoreshade.code.tex 2021/05/15 v3.1.9a (3.1.9a)
\pgf@max=\dimen189
\pgf@sys@shading@range@num=\count319
\pgf@shadingcount=\count320
)
(C:\Users\QSnake\AppData\Local\Programs\MiKTeX\tex/generic/pgf/basiclayer\pgfco
reimage.code.tex
File: pgfcoreimage.code.tex 2021/05/15 v3.1.9a (3.1.9a)

(C:\Users\QSnake\AppData\Local\Programs\MiKTeX\tex/generic/pgf/basiclayer\pgfco
reexternal.code.tex
File: pgfcoreexternal.code.tex 2021/05/15 v3.1.9a (3.1.9a)
\pgfexternal@startupbox=\box58
))
(C:\Users\QSnake\AppData\Local\Programs\MiKTeX\tex/generic/pgf/basiclayer\pgfco
relayers.code.tex
File: pgfcorelayers.code.tex 2021/05/15 v3.1.9a (3.1.9a)
)
(C:\Users\QSnake\AppData\Local\Programs\MiKTeX\tex/generic/pgf/basiclayer\pgfco
retransparency.code.tex
File: pgfcoretransparency.code.tex 2021/05/15 v3.1.9a (3.1.9a)
)
(C:\Users\QSnake\AppData\Local\Programs\MiKTeX\tex/generic/pgf/basiclayer\pgfco
repatterns.code.tex
File: pgfcorepatterns.code.tex 2021/05/15 v3.1.9a (3.1.9a)
)
(C:\Users\QSnake\AppData\Local\Programs\MiKTeX\tex/generic/pgf/basiclayer\pgfco
rerdf.code.tex
File: pgfcorerdf.code.tex 2021/05/15 v3.1.9a (3.1.9a)
)))
(C:\Users\QSnake\AppData\Local\Programs\MiKTeX\tex/generic/pgf/modules\pgfmodul
eshapes.code.tex
File: pgfmoduleshapes.code.tex 2021/05/15 v3.1.9a (3.1.9a)
\pgfnodeparttextbox=\box59
)
(C:\Users\QSnake\AppData\Local\Programs\MiKTeX\tex/generic/pgf/modules\pgfmodul
eplot.code.tex
File: pgfmoduleplot.code.tex 2021/05/15 v3.1.9a (3.1.9a)
)
(C:\Users\QSnake\AppData\Local\Programs\MiKTeX\tex/latex/pgf/compatibility\pgfc
omp-version-0-65.sty
Package: pgfcomp-version-0-65 2021/05/15 v3.1.9a (3.1.9a)
\pgf@nodesepstart=\dimen190
\pgf@nodesepend=\dimen191
)
(C:\Users\QSnake\AppData\Local\Programs\MiKTeX\tex/latex/pgf/compatibility\pgfc
omp-version-1-18.sty
Package: pgfcomp-version-1-18 2021/05/15 v3.1.9a (3.1.9a)
))
(C:\Users\QSnake\AppData\Local\Programs\MiKTeX\tex/latex/pgf/frontendlayer\tikz
.sty
(C:\Users\QSnake\AppData\Local\Programs\MiKTeX\tex/latex/pgf/utilities\pgffor.s
ty
(C:\Users\QSnake\AppData\Local\Programs\MiKTeX\tex/latex/pgf/utilities\pgfkeys.
sty
(C:\Users\QSnake\AppData\Local\Programs\MiKTeX\tex/generic/pgf/utilities\pgfkey
s.code.tex))
(C:\Users\QSnake\AppData\Local\Programs\MiKTeX\tex/latex/pgf/math\pgfmath.sty
(C:\Users\QSnake\AppData\Local\Programs\MiKTeX\tex/generic/pgf/math\pgfmath.cod
e.tex))
(C:\Users\QSnake\AppData\Local\Programs\MiKTeX\tex/generic/pgf/utilities\pgffor
.code.tex
Package: pgffor 2021/05/15 v3.1.9a (3.1.9a)

(C:\Users\QSnake\AppData\Local\Programs\MiKTeX\tex/generic/pgf/math\pgfmath.cod
e.tex)
\pgffor@iter=\dimen192
\pgffor@skip=\dimen193
\pgffor@stack=\toks43
\pgffor@toks=\toks44
))
(C:\Users\QSnake\AppData\Local\Programs\MiKTeX\tex/generic/pgf/frontendlayer/ti
kz\tikz.code.tex
Package: tikz 2021/05/15 v3.1.9a (3.1.9a)

(C:\Users\QSnake\AppData\Local\Programs\MiKTeX\tex/generic/pgf/libraries\pgflib
raryplothandlers.code.tex
File: pgflibraryplothandlers.code.tex 2021/05/15 v3.1.9a (3.1.9a)
\pgf@plot@mark@count=\count321
\pgfplotmarksize=\dimen194
)
\tikz@lastx=\dimen195
\tikz@lasty=\dimen196
\tikz@lastxsaved=\dimen197
\tikz@lastysaved=\dimen198
\tikz@lastmovetox=\dimen199
\tikz@lastmovetoy=\dimen256
\tikzleveldistance=\dimen257
\tikzsiblingdistance=\dimen258
\tikz@figbox=\box60
\tikz@figbox@bg=\box61
\tikz@tempbox=\box62
\tikz@tempbox@bg=\box63
\tikztreelevel=\count322
\tikznumberofchildren=\count323
\tikznumberofcurrentchild=\count324
\tikz@fig@count=\count325

(C:\Users\QSnake\AppData\Local\Programs\MiKTeX\tex/generic/pgf/modules\pgfmodul
ematrix.code.tex
File: pgfmodulematrix.code.tex 2021/05/15 v3.1.9a (3.1.9a)
\pgfmatrixcurrentrow=\count326
\pgfmatrixcurrentcolumn=\count327
\pgf@matrix@numberofcolumns=\count328
)
\tikz@expandcount=\count329

(C:\Users\QSnake\AppData\Local\Programs\MiKTeX\tex/generic/pgf/frontendlayer/ti
kz/libraries\tikzlibrarytopaths.code.tex
File: tikzlibrarytopaths.code.tex 2021/05/15 v3.1.9a (3.1.9a)
)))
(C:\Users\QSnake\AppData\Local\Programs\MiKTeX\tex/generic/pgf/frontendlayer/ti
kz/libraries\tikzlibraryarrows.code.tex
File: tikzlibraryarrows.code.tex 2021/05/15 v3.1.9a (3.1.9a)

(C:\Users\QSnake\AppData\Local\Programs\MiKTeX\tex/generic/pgf/libraries\pgflib
raryarrows.code.tex
File: pgflibraryarrows.code.tex 2021/05/15 v3.1.9a (3.1.9a)
\arrowsize=\dimen259
))
(C:\Users\QSnake\AppData\Local\Programs\MiKTeX\tex/latex/float\float.sty
Package: float 2001/11/08 v1.3d Float enhancements (AL)
\c@float@type=\count330
\float@exts=\toks45
\float@box=\box64
\@float@everytoks=\toks46
\@floatcapt=\box65
)
(C:\Users\QSnake\AppData\Local\Programs\MiKTeX\tex/latex/caption\caption.sty
Package: caption 2022/03/01 v3.6b Customizing captions (AR)

(C:\Users\QSnake\AppData\Local\Programs\MiKTeX\tex/latex/caption\caption3.sty
Package: caption3 2022/03/17 v2.3b caption3 kernel (AR)
\caption@tempdima=\dimen260
\captionmargin=\dimen261
\caption@leftmargin=\dimen262
\caption@rightmargin=\dimen263
\caption@width=\dimen264
\caption@indent=\dimen265
\caption@parindent=\dimen266
\caption@hangindent=\dimen267
Package caption Info: Standard document class detected.
)
\c@caption@flags=\count331
\c@continuedfloat=\count332
Package caption Info: float package is loaded.
)
(C:\Users\QSnake\AppData\Local\Programs\MiKTeX\tex/latex/subfigure\subfigure.st
y
Package: subfigure 2002/07/30 v2.1.4 subfigure package
\subfigtopskip=\skip80
\subfigcapskip=\skip81
\subfigcaptopadj=\dimen268
\subfigbottomskip=\skip82
\subfigcapmargin=\dimen269
\subfiglabelskip=\skip83
\c@subfigure=\count333
\c@lofdepth=\count334
\c@subtable=\count335
\c@lotdepth=\count336

****************************************
* Local config file subfigure.cfg used *
****************************************

(C:\Users\QSnake\AppData\Local\Programs\MiKTeX\tex/latex/subfigure\subfigure.cf
g)
\subfig@top=\skip84
\subfig@bottom=\skip85
)
(C:\Users\QSnake\AppData\Local\Programs\MiKTeX\tex/latex/colortbl\colortbl.sty
Package: colortbl 2020/01/04 v1.0e Color table columns (DPC)

(C:\Users\QSnake\AppData\Local\Programs\MiKTeX\tex/latex/tools\array.sty
Package: array 2021/10/04 v2.5f Tabular extension package (FMi)
\col@sep=\dimen270
\ar@mcellbox=\box66
\extrarowheight=\dimen271
\NC@list=\toks47
\extratabsurround=\skip86
\backup@length=\skip87
\ar@cellbox=\box67
)
\everycr=\toks48
\minrowclearance=\skip88
)
(C:\Users\QSnake\AppData\Local\Programs\MiKTeX\tex/latex/nopageno\nopageno.sty
Package: nopageno 1989/01/01 no page numbers (DPC)
) (C:\Users\QSnake\AppData\Local\Programs\MiKTeX\tex/latex/cases\cases.sty
Package: cases 2020/03/29 ver 3.2
\numc@numwid=\dimen272
)
(C:\Users\QSnake\AppData\Local\Programs\MiKTeX\tex/latex/base\textcomp.sty
Package: textcomp 2020/02/02 v2.0n Standard LaTeX package
)
(C:\Users\QSnake\AppData\Local\Programs\MiKTeX\tex/latex/wrapfig\wrapfig.sty
\wrapoverhang=\dimen273
\WF@size=\dimen274
\c@WF@wrappedlines=\count337
\WF@box=\box68
\WF@everypar=\toks49
Package: wrapfig 2003/01/31  v 3.6
)
(C:\Users\QSnake\AppData\Local\Programs\MiKTeX\tex/latex/tcolorbox\tcolorbox.st
y
Package: tcolorbox 2022/01/07 version 5.0.2 text color boxes
 (C:\Users\QSnake\AppData\Local\Programs\MiKTeX\tex/latex/tools\verbatim.sty
Package: verbatim 2020-07-07 v1.5u LaTeX2e package for verbatim enhancements
\every@verbatim=\toks50
\verbatim@line=\toks51
\verbatim@in@stream=\read3
)
(C:\Users\QSnake\AppData\Local\Programs\MiKTeX\tex/latex/environ\environ.sty
Package: environ 2014/05/04 v0.3 A new way to define environments

(C:\Users\QSnake\AppData\Local\Programs\MiKTeX\tex/latex/trimspaces\trimspaces.
sty
Package: trimspaces 2009/09/17 v1.1 Trim spaces around a token list
))
(C:\Users\QSnake\AppData\Local\Programs\MiKTeX\tex/latex/etoolbox\etoolbox.sty
Package: etoolbox 2020/10/05 v2.5k e-TeX tools for LaTeX (JAW)
\etb@tempcnta=\count338
)
\tcb@titlebox=\box69
\tcb@upperbox=\box70
\tcb@lowerbox=\box71
\tcb@phantombox=\box72
\c@tcbbreakpart=\count339
\c@tcblayer=\count340
\c@tcolorbox@number=\count341
\tcb@temp=\box73
\tcb@temp=\box74
\tcb@temp=\box75
\tcb@temp=\box76
)
(C:\Users\QSnake\AppData\Local\Programs\MiKTeX\tex/latex/booktabs\booktabs.sty
Package: booktabs 2020/01/12 v1.61803398 Publication quality tables
\heavyrulewidth=\dimen275
\lightrulewidth=\dimen276
\cmidrulewidth=\dimen277
\belowrulesep=\dimen278
\belowbottomsep=\dimen279
\aboverulesep=\dimen280
\abovetopsep=\dimen281
\cmidrulesep=\dimen282
\cmidrulekern=\dimen283
\defaultaddspace=\dimen284
\@cmidla=\count342
\@cmidlb=\count343
\@aboverulesep=\dimen285
\@belowrulesep=\dimen286
\@thisruleclass=\count344
\@lastruleclass=\count345
\@thisrulewidth=\dimen287
) (C:\Users\QSnake\AppData\Local\Programs\MiKTeX\tex/latex/multirow\multirow.st
y
Package: multirow 2021/03/15 v2.8 Span multiple rows of a table
\multirow@colwidth=\skip89
\multirow@cntb=\count346
\multirow@dima=\skip90
\bigstrutjot=\dimen288
)
(C:\Users\QSnake\AppData\Local\Programs\MiKTeX\tex/latex/enumitem\enumitem.sty
Package: enumitem 2019/06/20 v3.9 Customized lists
\labelindent=\skip91
\enit@outerparindent=\dimen289
\enit@toks=\toks52
\enit@inbox=\box77
\enit@count@id=\count347
\enitdp@description=\count348
) (C:\Users\QSnake\AppData\Local\Programs\MiKTeX\tex/latex/tasks\tasks.sty
(C:\Users\QSnake\AppData\Local\Programs\MiKTeX\tex/latex/l3kernel\expl3.sty
Package: expl3 2022-04-29 L3 programming layer (loader) 

(C:\Users\QSnake\AppData\Local\Programs\MiKTeX\tex/latex/l3backend\l3backend-xe
tex.def
File: l3backend-xetex.def 2022-04-20 L3 backend support: XeTeX
\g__graphics_track_int=\count349
\l__pdf_internal_box=\box78
\g__pdf_backend_object_int=\count350
\g__pdf_backend_annotation_int=\count351
\g__pdf_backend_link_int=\count352
))
(C:\Users\QSnake\AppData\Local\Programs\MiKTeX\tex/latex/l3packages/xparse\xpar
se.sty
Package: xparse 2022-01-12 L3 Experimental document command parser
)
(C:\Users\QSnake\AppData\Local\Programs\MiKTeX\tex/latex/l3packages/xtemplate\x
template.sty
Package: xtemplate 2022-01-12 L3 Experimental prototype document functions
\l__xtemplate_tmp_dim=\dimen290
\l__xtemplate_tmp_int=\count353
\l__xtemplate_tmp_muskip=\muskip17
\l__xtemplate_tmp_skip=\skip92
)
Package: tasks 2022/01/08 v1.4a lists with columns filled horizontally
\g__tasks_total_items_int=\count354
\l__tasks_columns_int=\count355
\g__tasks_rows_int=\count356
\g__tasks_current_col_num_int=\count357
\g__tasks_current_row_num_int=\count358
\l__tasks_item_columns_int=\count359
\g__tasks_env_int=\count360
\l__tasks_start_int=\count361
\l__tasks_item_indent_dim=\dimen291
\l__tasks_item_default_indent_dim=\dimen292
\l__tasks_item_width_dim=\dimen293
\l__tasks_label_width_dim=\dimen294
\l__tasks_label_default_width_dim=\dimen295
\l__tasks_label_offset_dim=\dimen296
\l__tasks_label_default_offset_dim=\dimen297
\l__tasks_column_sep_dim=\dimen298
\l__tasks_correction_dim=\dimen299
\l__tasks_full_width_dim=\dimen300
\l__tasks_after_item_skip=\skip93
\l__tasks_custom_after_item_skip=\skip94
\l__tasks_before_list_skip=\skip95
\l__tasks_after_list_skip=\skip96
\l__tasks_item_coffin=\box79
\l__tasks_label_coffin=\box80
\c@task=\count362
\l__tasks_tmpa_int=\count363
\l__tasks_tmpb_int=\count364
\l__tasks_tmpa_coffin=\box81
\l__tasks_tmpa_box=\box82

Package xtemplate Info: Declaring object type 'tasks' taking 3 argument(s) on
(xtemplate)             line 450.


(C:\Users\QSnake\AppData\Local\Programs\MiKTeX\tex/latex/tasks\tasks.cfg))
(C:\Users\QSnake\AppData\Local\Programs\MiKTeX\tex/latex/framed\framed.sty
Package: framed 2011/10/22 v 0.96: framed or shaded text with page breaks
\OuterFrameSep=\skip97
\fb@frw=\dimen301
\fb@frh=\dimen302
\FrameRule=\dimen303
\FrameSep=\dimen304
)
(C:\Users\QSnake\AppData\Local\Programs\MiKTeX\tex/latex/diagbox\diagbox.sty
Package: diagbox 2020/02/09 v2.3 Making table heads with diagonal lines

(C:\Users\QSnake\AppData\Local\Programs\MiKTeX\tex/latex/pict2e\pict2e.sty
Package: pict2e 2020/09/30 v0.4b Improved picture commands (HjG,RN,JT)

(C:\Users\QSnake\AppData\Local\Programs\MiKTeX\tex/latex/pict2e\pict2e.cfg
File: pict2e.cfg 2016/02/05 v0.1u pict2e configuration for teTeX/TeXLive
)
Package pict2e Info: Driver file: xetex.def on input line 112.
Package pict2e Info: Driver file for pict2e: p2e-xetex.def on input line 114.

(C:\Users\QSnake\AppData\Local\Programs\MiKTeX\tex/latex/pict2e\p2e-xetex.def
File: p2e-xetex.def 2016/02/05 v0.1u Driver-dependant file (RN,HjG,JT)
)
\pIIe@GRAPH=\toks53
\@arclen=\dimen305
\@arcrad=\dimen306
\pIIe@tempdima=\dimen307
\pIIe@tempdimb=\dimen308
\pIIe@tempdimc=\dimen309
\pIIe@tempdimd=\dimen310
\pIIe@tempdime=\dimen311
\pIIe@tempdimf=\dimen312
) (C:\Users\QSnake\AppData\Local\Programs\MiKTeX\tex/latex/tools\calc.sty
Package: calc 2017/05/25 v4.3 Infix arithmetic (KKT,FJ)
\calc@Acount=\count365
\calc@Bcount=\count366
\calc@Adimen=\dimen313
\calc@Bdimen=\dimen314
\calc@Askip=\skip98
\calc@Bskip=\skip99
LaTeX Info: Redefining \setlength on input line 80.
LaTeX Info: Redefining \addtolength on input line 81.
\calc@Ccount=\count367
\calc@Cskip=\skip100
)
\diagbox@boxa=\box83
\diagbox@boxb=\box84
\diagbox@boxm=\box85
\diagbox@wd=\dimen315
\diagbox@ht=\dimen316
\diagbox@insepl=\dimen317
\diagbox@insepr=\dimen318
\diagbox@outsepl=\dimen319
\diagbox@outsepr=\dimen320
)
(C:\Users\QSnake\AppData\Local\Programs\MiKTeX\tex/latex/ulem\ulem.sty
\UL@box=\box86
\UL@hyphenbox=\box87
\UL@skip=\skip101
\UL@hook=\toks54
\UL@height=\dimen321
\UL@pe=\count368
\UL@pixel=\dimen322
\ULC@box=\box88
Package: ulem 2019/11/18
\ULdepth=\dimen323
)
(C:\Users\QSnake\AppData\Local\Programs\MiKTeX\tex/latex/geometry\geometry.sty
Package: geometry 2020/01/02 v5.9 Page Geometry

(C:\Users\QSnake\AppData\Local\Programs\MiKTeX\tex/generic/iftex\ifvtex.sty
Package: ifvtex 2019/10/25 v1.7 ifvtex legacy package. Use iftex instead.

(C:\Users\QSnake\AppData\Local\Programs\MiKTeX\tex/generic/iftex\iftex.sty
Package: iftex 2022/02/03 v1.0f TeX engine tests
))
\Gm@cnth=\count369
\Gm@cntv=\count370
\c@Gm@tempcnt=\count371
\Gm@bindingoffset=\dimen324
\Gm@wd@mp=\dimen325
\Gm@odd@mp=\dimen326
\Gm@even@mp=\dimen327
\Gm@layoutwidth=\dimen328
\Gm@layoutheight=\dimen329
\Gm@layouthoffset=\dimen330
\Gm@layoutvoffset=\dimen331
\Gm@dimlist=\toks55

(C:\Users\QSnake\AppData\Local\Programs\MiKTeX\tex/latex/geometry\geometry.cfg)
)
(C:\Users\QSnake\AppData\Local\Programs\MiKTeX\tex/latex/adjustbox\adjustbox.st
y
Package: adjustbox 2020/08/19 v1.3 Adjusting TeX boxes (trim, clip, ...)
 (C:\Users\QSnake\AppData\Local\Programs\MiKTeX\tex/latex/xkeyval\xkeyval.sty
Package: xkeyval 2020/11/20 v2.8 package option processing (HA)

(C:\Users\QSnake\AppData\Local\Programs\MiKTeX\tex/generic/xkeyval\xkeyval.tex
(C:\Users\QSnake\AppData\Local\Programs\MiKTeX\tex/generic/xkeyval\xkvutils.tex
\XKV@toks=\toks56
\XKV@tempa@toks=\toks57
)
\XKV@depth=\count372
File: xkeyval.tex 2014/12/03 v2.7a key=value parser (HA)
))
(C:\Users\QSnake\AppData\Local\Programs\MiKTeX\tex/latex/adjustbox\adjcalc.sty
Package: adjcalc 2012/05/16 v1.1 Provides advanced setlength with multiple back
-ends (calc, etex, pgfmath)
)
(C:\Users\QSnake\AppData\Local\Programs\MiKTeX\tex/latex/adjustbox\trimclip.sty
Package: trimclip 2020/08/19 v1.2 Trim and clip general TeX material

(C:\Users\QSnake\AppData\Local\Programs\MiKTeX\tex/latex/collectbox\collectbox.
sty
Package: collectbox 2012/05/17 v0.4b Collect macro arguments as boxes
\collectedbox=\box89
)
\tc@llx=\dimen332
\tc@lly=\dimen333
\tc@urx=\dimen334
\tc@ury=\dimen335
Package trimclip Info: Using driver 'tc-xetex.def'.

(C:\Users\QSnake\AppData\Local\Programs\MiKTeX\tex/latex/adjustbox\tc-xetex.def
File: tc-xetex.def 2019/01/04 v2.2 Clipping driver for xetex
))
\adjbox@Width=\dimen336
\adjbox@Height=\dimen337
\adjbox@Depth=\dimen338
\adjbox@Totalheight=\dimen339
\adjbox@pwidth=\dimen340
\adjbox@pheight=\dimen341
\adjbox@pdepth=\dimen342
\adjbox@ptotalheight=\dimen343

(C:\Users\QSnake\AppData\Local\Programs\MiKTeX\tex/latex/ifoddpage\ifoddpage.st
y
Package: ifoddpage 2016/04/23 v1.1 Conditionals for odd/even page detection
\c@checkoddpage=\count373
)
(C:\Users\QSnake\AppData\Local\Programs\MiKTeX\tex/latex/varwidth\varwidth.sty
Package: varwidth 2009/03/30 ver 0.92;  Variable-width minipages
\@vwid@box=\box90
\sift@deathcycles=\count374
\@vwid@loff=\dimen344
\@vwid@roff=\dimen345
))
(C:\Users\QSnake\AppData\Local\Programs\MiKTeX\tex/latex/hyperref\hyperref.sty
Package: hyperref 2022-02-21 v7.00n Hypertext links for LaTeX

(C:\Users\QSnake\AppData\Local\Programs\MiKTeX\tex/generic/ltxcmds\ltxcmds.sty
Package: ltxcmds 2020-05-10 v1.25 LaTeX kernel commands for general use (HO)
)
(C:\Users\QSnake\AppData\Local\Programs\MiKTeX\tex/generic/pdftexcmds\pdftexcmd
s.sty
Package: pdftexcmds 2020-06-27 v0.33 Utility functions of pdfTeX for LuaTeX (HO
)

(C:\Users\QSnake\AppData\Local\Programs\MiKTeX\tex/generic/infwarerr\infwarerr.
sty
Package: infwarerr 2019/12/03 v1.5 Providing info/warning/error messages (HO)
)
Package pdftexcmds Info: \pdf@primitive is available.
Package pdftexcmds Info: \pdf@ifprimitive is available.
Package pdftexcmds Info: \pdfdraftmode not found.
)
(C:\Users\QSnake\AppData\Local\Programs\MiKTeX\tex/generic/kvsetkeys\kvsetkeys.
sty
Package: kvsetkeys 2019/12/15 v1.18 Key value parser (HO)
)
(C:\Users\QSnake\AppData\Local\Programs\MiKTeX\tex/generic/kvdefinekeys\kvdefin
ekeys.sty
Package: kvdefinekeys 2019-12-19 v1.6 Define keys (HO)
)
(C:\Users\QSnake\AppData\Local\Programs\MiKTeX\tex/generic/pdfescape\pdfescape.
sty
Package: pdfescape 2019/12/09 v1.15 Implements pdfTeX's escape features (HO)
)
(C:\Users\QSnake\AppData\Local\Programs\MiKTeX\tex/latex/hycolor\hycolor.sty
Package: hycolor 2020-01-27 v1.10 Color options for hyperref/bookmark (HO)
)
(C:\Users\QSnake\AppData\Local\Programs\MiKTeX\tex/latex/letltxmacro\letltxmacr
o.sty
Package: letltxmacro 2019/12/03 v1.6 Let assignment for LaTeX macros (HO)
)
(C:\Users\QSnake\AppData\Local\Programs\MiKTeX\tex/latex/auxhook\auxhook.sty
Package: auxhook 2019-12-17 v1.6 Hooks for auxiliary files (HO)
)
(C:\Users\QSnake\AppData\Local\Programs\MiKTeX\tex/latex/kvoptions\kvoptions.st
y
Package: kvoptions 2020-10-07 v3.14 Key value format for package options (HO)
)
\@linkdim=\dimen346
\Hy@linkcounter=\count375
\Hy@pagecounter=\count376
 (C:\Users\QSnake\AppData\Local\Programs\MiKTeX\tex/latex/hyperref\pd1enc.def
File: pd1enc.def 2022-02-21 v7.00n Hyperref: PDFDocEncoding definition (HO)
)
(C:\Users\QSnake\AppData\Local\Programs\MiKTeX\tex/generic/intcalc\intcalc.sty
Package: intcalc 2019/12/15 v1.3 Expandable calculations with integers (HO)
)
(C:\Users\QSnake\AppData\Local\Programs\MiKTeX\tex/generic/etexcmds\etexcmds.st
y
Package: etexcmds 2019/12/15 v1.7 Avoid name clashes with e-TeX commands (HO)
)
\Hy@SavedSpaceFactor=\count377
 (C:\Users\QSnake\AppData\Local\Programs\MiKTeX\tex/latex/hyperref\puenc.def
File: puenc.def 2022-02-21 v7.00n Hyperref: PDF Unicode definition (HO)
)
Package hyperref Info: Option `colorlinks' set `true' on input line 4018.
Package hyperref Info: Hyper figures OFF on input line 4137.
Package hyperref Info: Link nesting OFF on input line 4142.
Package hyperref Info: Hyper index ON on input line 4145.
Package hyperref Info: Plain pages OFF on input line 4152.
Package hyperref Info: Backreferencing OFF on input line 4157.
Package hyperref Info: Implicit mode ON; LaTeX internals redefined.
Package hyperref Info: Bookmarks ON on input line 4390.
\c@Hy@tempcnt=\count378
(C:\Users\QSnake\AppData\Local\Programs\MiKTeX\tex/latex/url\url.sty
\Urlmuskip=\muskip18
Package: url 2013/09/16  ver 3.4  Verb mode for urls, etc.
)
LaTeX Info: Redefining \url on input line 4749.
\XeTeXLinkMargin=\dimen347

(C:\Users\QSnake\AppData\Local\Programs\MiKTeX\tex/generic/bitset\bitset.sty
Package: bitset 2019/12/09 v1.3 Handle bit-vector datatype (HO)

(C:\Users\QSnake\AppData\Local\Programs\MiKTeX\tex/generic/bigintcalc\bigintcal
c.sty
Package: bigintcalc 2019/12/15 v1.5 Expandable calculations on big integers (HO
)
))
\Fld@menulength=\count379
\Field@Width=\dimen348
\Fld@charsize=\dimen349
Package hyperref Info: Hyper figures OFF on input line 6027.
Package hyperref Info: Link nesting OFF on input line 6032.
Package hyperref Info: Hyper index ON on input line 6035.
Package hyperref Info: backreferencing OFF on input line 6042.
Package hyperref Info: Link coloring ON on input line 6045.
Package hyperref Info: Link coloring with OCG OFF on input line 6052.
Package hyperref Info: PDF/A mode OFF on input line 6057.
LaTeX Info: Redefining \ref on input line 6097.
LaTeX Info: Redefining \pageref on input line 6101.

(C:\Users\QSnake\AppData\Local\Programs\MiKTeX\tex/latex/base\atbegshi-ltx.sty
Package: atbegshi-ltx 2021/01/10 v1.0c Emulation of the original atbegshi
package with kernel methods
)
\Hy@abspage=\count380
\c@Item=\count381
\c@Hfootnote=\count382
)
Package hyperref Info: Driver (autodetected): hxetex.
 (C:\Users\QSnake\AppData\Local\Programs\MiKTeX\tex/latex/hyperref\hxetex.def
File: hxetex.def 2022-02-21 v7.00n Hyperref driver for XeTeX

(C:\Users\QSnake\AppData\Local\Programs\MiKTeX\tex/generic/stringenc\stringenc.
sty
Package: stringenc 2019/11/29 v1.12 Convert strings between diff. encodings (HO
)
)
\pdfm@box=\box91
\c@Hy@AnnotLevel=\count383
\HyField@AnnotCount=\count384
\Fld@listcount=\count385
\c@bookmark@seq@number=\count386

(C:\Users\QSnake\AppData\Local\Programs\MiKTeX\tex/latex/rerunfilecheck\rerunfi
lecheck.sty
Package: rerunfilecheck 2019/12/05 v1.9 Rerun checks for auxiliary files (HO)

(C:\Users\QSnake\AppData\Local\Programs\MiKTeX\tex/latex/base\atveryend-ltx.sty
Package: atveryend-ltx 2020/08/19 v1.0a Emulation of the original atveryend pac
kage
with kernel methods
)
(C:\Users\QSnake\AppData\Local\Programs\MiKTeX\tex/generic/uniquecounter\unique
counter.sty
Package: uniquecounter 2019/12/15 v1.4 Provide unlimited unique counter (HO)
)
Package uniquecounter Info: New unique counter `rerunfilecheck' on input line 2
86.
)
\Hy@SectionHShift=\skip102
)
(C:\Users\QSnake\AppData\Local\Programs\MiKTeX\tex/xelatex/xecjk\xeCJK.sty
Package: xeCJK 2021/12/12 v3.8.8 Typesetting CJK scripts with XeLaTeX

(C:\Users\QSnake\AppData\Local\Programs\MiKTeX\tex/latex/ctex\ctexhook.sty
Package: ctexhook 2021/12/12 v2.5.8 Document and package hooks (CTEX)
)
(C:\Users\QSnake\AppData\Local\Programs\MiKTeX\tex/latex/l3packages/l3keys2e\l3
keys2e.sty
Package: l3keys2e 2022-01-12 LaTeX2e option processing using LaTeX3 keys
)
\l__xeCJK_tmp_int=\count387
\l__xeCJK_tmp_box=\box92
\l__xeCJK_tmp_dim=\dimen350
\l__xeCJK_tmp_skip=\skip103
\g__xeCJK_space_factor_int=\count388
\l__xeCJK_begin_int=\count389
\l__xeCJK_end_int=\count390
\c__xeCJK_CJK_class_int=\XeTeXcharclass1
\c__xeCJK_FullLeft_class_int=\XeTeXcharclass2
\c__xeCJK_FullRight_class_int=\XeTeXcharclass3
\c__xeCJK_HalfLeft_class_int=\XeTeXcharclass4
\c__xeCJK_HalfRight_class_int=\XeTeXcharclass5
\c__xeCJK_NormalSpace_class_int=\XeTeXcharclass6
\c__xeCJK_CM_class_int=\XeTeXcharclass7
\c__xeCJK_HangulJamo_class_int=\XeTeXcharclass8
\l__xeCJK_last_skip=\skip104
\g__xeCJK_node_int=\count391
\c__xeCJK_CJK_node_dim=\dimen351
\c__xeCJK_CJK-space_node_dim=\dimen352
\c__xeCJK_default_node_dim=\dimen353
\c__xeCJK_default-space_node_dim=\dimen354
\c__xeCJK_CJK-widow_node_dim=\dimen355
\c__xeCJK_normalspace_node_dim=\dimen356
\l__xeCJK_ccglue_skip=\skip105
\l__xeCJK_ecglue_skip=\skip106
\l__xeCJK_punct_kern_skip=\skip107
\l__xeCJK_last_penalty_int=\count392
\l__xeCJK_last_bound_dim=\dimen357
\l__xeCJK_last_kern_dim=\dimen358
\l__xeCJK_widow_penalty_int=\count393

Package xtemplate Info: Declaring object type 'xeCJK/punctuation' taking 0
(xtemplate)             argument(s) on line 2337.

\l__xeCJK_fixed_punct_width_dim=\dimen359
\l__xeCJK_mixed_punct_width_dim=\dimen360
\l__xeCJK_middle_punct_width_dim=\dimen361
\l__xeCJK_fixed_margin_width_dim=\dimen362
\l__xeCJK_mixed_margin_width_dim=\dimen363
\l__xeCJK_middle_margin_width_dim=\dimen364
\l__xeCJK_bound_punct_width_dim=\dimen365
\l__xeCJK_bound_margin_width_dim=\dimen366
\l__xeCJK_margin_minimum_dim=\dimen367
\l__xeCJK_kerning_total_width_dim=\dimen368
\l__xeCJK_same_align_margin_dim=\dimen369
\l__xeCJK_different_align_margin_dim=\dimen370
\l__xeCJK_kerning_margin_width_dim=\dimen371
\l__xeCJK_kerning_margin_minimum_dim=\dimen372
\l__xeCJK_bound_dim=\dimen373
\l__xeCJK_reverse_bound_dim=\dimen374
\l__xeCJK_margin_dim=\dimen375
\l__xeCJK_minimum_bound_dim=\dimen376
\l__xeCJK_kerning_margin_dim=\dimen377
\g__xeCJK_family_int=\count394
\l__xeCJK_fam_int=\count395
\g__xeCJK_fam_allocation_int=\count396
\l__xeCJK_verb_case_int=\count397
\l__xeCJK_verb_exspace_skip=\skip108

(C:\Users\QSnake\AppData\Local\Programs\MiKTeX\tex/latex/fontspec\fontspec.sty
Package: fontspec 2022/01/15 v2.8a Font selection for XeLaTeX and LuaLaTeX

(C:\Users\QSnake\AppData\Local\Programs\MiKTeX\tex/latex/fontspec\fontspec-xete
x.sty
Package: fontspec-xetex 2022/01/15 v2.8a Font selection for XeLaTeX and LuaLaTe
X
\l__fontspec_script_int=\count398
\l__fontspec_language_int=\count399
\l__fontspec_strnum_int=\count400
\l__fontspec_tmp_int=\count401
\l__fontspec_tmpa_int=\count402
\l__fontspec_tmpb_int=\count403
\l__fontspec_tmpc_int=\count404
\l__fontspec_em_int=\count405
\l__fontspec_emdef_int=\count406
\l__fontspec_strong_int=\count407
\l__fontspec_strongdef_int=\count408
\l__fontspec_tmpa_dim=\dimen378
\l__fontspec_tmpb_dim=\dimen379
\l__fontspec_tmpc_dim=\dimen380
 (C:\Users\QSnake\AppData\Local\Programs\MiKTeX\tex/latex/base\fontenc.sty
Package: fontenc 2021/04/29 v2.0v Standard LaTeX package
)
(C:\Users\QSnake\AppData\Local\Programs\MiKTeX\tex/latex/fontspec\fontspec.cfg)
)) (C:\Users\QSnake\AppData\Local\Programs\MiKTeX\tex/xelatex/xecjk\xeCJK.cfg
File: xeCJK.cfg 2021/12/12 v3.8.8 Configuration file for xeCJK package
))

Package fontspec Info: Could not resolve font "標楷體/BI" (it probably doesn't
(fontspec)             exist).


Package fontspec Info: Could not resolve font "標楷體/B" (it probably doesn't
(fontspec)             exist).


Package fontspec Info: Could not resolve font "標楷體/I" (it probably doesn't
(fontspec)             exist).


Package fontspec Info: Font family '標楷體(0)' created for font '標楷體' with
(fontspec)             options [Script={CJK}].
(fontspec)              
(fontspec)              This font family consists of the following NFSS
(fontspec)             series/shapes:
(fontspec)              
(fontspec)             - 'normal' (m/n) with NFSS spec.:
(fontspec)             <->"標楷體/OT:script=hani;language=dflt;"
(fontspec)             - 'small caps'  (m/sc) with NFSS spec.: 


Package fontspec Info: Font family 'TimesNewRoman(0)' created for font 'Times
(fontspec)             New Roman' with options [Ligatures=TeX].
(fontspec)              
(fontspec)              This font family consists of the following NFSS
(fontspec)             series/shapes:
(fontspec)              
(fontspec)             - 'normal' (m/n) with NFSS spec.: <->"Times New
(fontspec)             Roman/OT:script=latn;language=dflt;mapping=tex-text;"
(fontspec)             - 'small caps'  (m/sc) with NFSS spec.: <->"Times New
(fontspec)             Roman/OT:script=latn;language=dflt;+smcp;mapping=tex-tex
t;"
(fontspec)             - 'bold' (b/n) with NFSS spec.: <->"Times New
(fontspec)             Roman/B/OT:script=latn;language=dflt;mapping=tex-text;"
(fontspec)             - 'bold small caps'  (b/sc) with NFSS spec.: <->"Times
(fontspec)             New
(fontspec)             Roman/B/OT:script=latn;language=dflt;+smcp;mapping=tex-t
ext;"
(fontspec)             - 'italic' (m/it) with NFSS spec.: <->"Times New
(fontspec)             Roman/I/OT:script=latn;language=dflt;mapping=tex-text;"
(fontspec)             - 'italic small caps'  (m/scit) with NFSS spec.:
(fontspec)             <->"Times New
(fontspec)             Roman/I/OT:script=latn;language=dflt;+smcp;mapping=tex-t
ext;"
(fontspec)             - 'bold italic' (b/it) with NFSS spec.: <->"Times New
(fontspec)             Roman/BI/OT:script=latn;language=dflt;mapping=tex-text;"

(fontspec)             - 'bold italic small caps'  (b/scit) with NFSS spec.:
(fontspec)             <->"Times New
(fontspec)             Roman/BI/OT:script=latn;language=dflt;+smcp;mapping=tex-
text;"

\c@foc=\count409
(section_3.1.aux)
\openout1 = `section_3.1.aux'.

LaTeX Font Info:    Checking defaults for OML/cmm/m/it on input line 173.
LaTeX Font Info:    ... okay on input line 173.
LaTeX Font Info:    Checking defaults for OMS/cmsy/m/n on input line 173.
LaTeX Font Info:    ... okay on input line 173.
LaTeX Font Info:    Checking defaults for OT1/cmr/m/n on input line 173.
LaTeX Font Info:    ... okay on input line 173.
LaTeX Font Info:    Checking defaults for T1/cmr/m/n on input line 173.
LaTeX Font Info:    ... okay on input line 173.
LaTeX Font Info:    Checking defaults for TS1/cmr/m/n on input line 173.
LaTeX Font Info:    Trying to load font information for TS1+cmr on input line 1
73.

(C:\Users\QSnake\AppData\Local\Programs\MiKTeX\tex/latex/base\ts1cmr.fd
File: ts1cmr.fd 2019/12/16 v2.5j Standard LaTeX font definitions
)
LaTeX Font Info:    ... okay on input line 173.
LaTeX Font Info:    Checking defaults for TU/lmr/m/n on input line 173.
LaTeX Font Info:    ... okay on input line 173.
LaTeX Font Info:    Checking defaults for OMX/cmex/m/n on input line 173.
LaTeX Font Info:    ... okay on input line 173.
LaTeX Font Info:    Checking defaults for U/cmr/m/n on input line 173.
LaTeX Font Info:    ... okay on input line 173.
LaTeX Font Info:    Checking defaults for PD1/pdf/m/n on input line 173.
LaTeX Font Info:    ... okay on input line 173.
LaTeX Font Info:    Checking defaults for PU/pdf/m/n on input line 173.
LaTeX Font Info:    ... okay on input line 173.
Package caption Info: Begin \AtBeginDocument code.
Package caption Info: hyperref package is loaded.
Package caption Info: subfigure package is loaded.
Package caption Info: wrapfig package is loaded.
Package caption Info: End \AtBeginDocument code.

*geometry* driver: auto-detecting
*geometry* detected driver: xetex
*geometry* verbose mode - [ preamble ] result:
* driver: xetex
* paper: <default>
* layout: <same size as paper>
* layoutoffset:(h,v)=(0.0pt,0.0pt)
* modes: 
* h-part:(L,W,R)=(56.9055pt, 500.484pt, 56.9055pt)
* v-part:(T,H,B)=(56.9055pt, 681.15898pt, 56.9055pt)
* \paperwidth=614.295pt
* \paperheight=794.96999pt
* \textwidth=500.484pt
* \textheight=681.15898pt
* \oddsidemargin=-15.36449pt
* \evensidemargin=-15.36449pt
* \topmargin=-45.36449pt
* \headheight=15.0pt
* \headsep=15.0pt
* \topskip=10.0pt
* \footskip=29.0pt
* \marginparwidth=36.135pt
* \marginparsep=5.0pt
* \columnsep=10.0pt
* \skip\footins=9.0pt plus 4.0pt minus 2.0pt
* \hoffset=0.0pt
* \voffset=0.0pt
* \mag=1000
* \@twocolumnfalse
* \@twosidefalse
* \@mparswitchfalse
* \@reversemarginfalse
* (1in=72.27pt=25.4mm, 1cm=28.453pt)

Package hyperref Info: Link coloring ON on input line 173.
(C:\Users\QSnake\AppData\Local\Programs\MiKTeX\tex/latex/hyperref\nameref.sty
Package: nameref 2021-04-02 v2.47 Cross-referencing by name of section

(C:\Users\QSnake\AppData\Local\Programs\MiKTeX\tex/latex/refcount\refcount.sty
Package: refcount 2019/12/15 v3.6 Data extraction from label references (HO)
)
(C:\Users\QSnake\AppData\Local\Programs\MiKTeX\tex/generic/gettitlestring\getti
tlestring.sty
Package: gettitlestring 2019/12/15 v1.6 Cleanup title references (HO)
)
\c@section@level=\count410
)
LaTeX Info: Redefining \ref on input line 173.
LaTeX Info: Redefining \pageref on input line 173.
LaTeX Info: Redefining \nameref on input line 173.
 (section_3.1.out) (section_3.1.out)
\@outlinefile=\write4
\openout4 = `section_3.1.out'.


Package fontspec Info: Adjusting the maths setup (use [no-math] to avoid
(fontspec)             this).

\symlegacymaths=\mathgroup7
LaTeX Font Info:    Overwriting symbol font `legacymaths' in version `bold'
(Font)                  OT1/cmr/m/n --> OT1/cmr/bx/n on input line 173.
LaTeX Font Info:    Redeclaring math accent \acute on input line 173.
LaTeX Font Info:    Redeclaring math accent \grave on input line 173.
LaTeX Font Info:    Redeclaring math accent \ddot on input line 173.
LaTeX Font Info:    Redeclaring math accent \tilde on input line 173.
LaTeX Font Info:    Redeclaring math accent \bar on input line 173.
LaTeX Font Info:    Redeclaring math accent \breve on input line 173.
LaTeX Font Info:    Redeclaring math accent \check on input line 173.
LaTeX Font Info:    Redeclaring math accent \hat on input line 173.
LaTeX Font Info:    Redeclaring math accent \dot on input line 173.
LaTeX Font Info:    Redeclaring math accent \mathring on input line 173.
LaTeX Font Info:    Redeclaring math symbol \Gamma on input line 173.
LaTeX Font Info:    Redeclaring math symbol \Delta on input line 173.
LaTeX Font Info:    Redeclaring math symbol \Theta on input line 173.
LaTeX Font Info:    Redeclaring math symbol \Lambda on input line 173.
LaTeX Font Info:    Redeclaring math symbol \Xi on input line 173.
LaTeX Font Info:    Redeclaring math symbol \Pi on input line 173.
LaTeX Font Info:    Redeclaring math symbol \Sigma on input line 173.
LaTeX Font Info:    Redeclaring math symbol \Upsilon on input line 173.
LaTeX Font Info:    Redeclaring math symbol \Phi on input line 173.
LaTeX Font Info:    Redeclaring math symbol \Psi on input line 173.
LaTeX Font Info:    Redeclaring math symbol \Omega on input line 173.
LaTeX Font Info:    Redeclaring math symbol \mathdollar on input line 173.
LaTeX Font Info:    Redeclaring symbol font `operators' on input line 173.
LaTeX Font Info:    Encoding `OT1' has changed to `TU' for symbol font
(Font)              `operators' in the math version `normal' on input line 173.

LaTeX Font Info:    Overwriting symbol font `operators' in version `normal'
(Font)                  OT1/cmr/m/n --> TU/TimesNewRoman(0)/m/n on input line 1
73.
LaTeX Font Info:    Encoding `OT1' has changed to `TU' for symbol font
(Font)              `operators' in the math version `bold' on input line 173.
LaTeX Font Info:    Overwriting symbol font `operators' in version `bold'
(Font)                  OT1/cmr/bx/n --> TU/TimesNewRoman(0)/m/n on input line 
173.
LaTeX Font Info:    Overwriting symbol font `operators' in version `normal'
(Font)                  TU/TimesNewRoman(0)/m/n --> TU/TimesNewRoman(0)/m/n on 
input line 173.
LaTeX Font Info:    Overwriting math alphabet `\mathit' in version `normal'
(Font)                  OT1/cmr/m/it --> TU/TimesNewRoman(0)/m/it on input line
 173.
LaTeX Font Info:    Overwriting math alphabet `\mathbf' in version `normal'
(Font)                  OT1/cmr/bx/n --> TU/TimesNewRoman(0)/b/n on input line 
173.
LaTeX Font Info:    Overwriting math alphabet `\mathsf' in version `normal'
(Font)                  OT1/cmss/m/n --> TU/lmss/m/n on input line 173.
LaTeX Font Info:    Overwriting math alphabet `\mathtt' in version `normal'
(Font)                  OT1/cmtt/m/n --> TU/lmtt/m/n on input line 173.
LaTeX Font Info:    Overwriting symbol font `operators' in version `bold'
(Font)                  TU/TimesNewRoman(0)/m/n --> TU/TimesNewRoman(0)/b/n on 
input line 173.
LaTeX Font Info:    Overwriting math alphabet `\mathit' in version `bold'
(Font)                  OT1/cmr/bx/it --> TU/TimesNewRoman(0)/b/it on input lin
e 173.
LaTeX Font Info:    Overwriting math alphabet `\mathsf' in version `bold'
(Font)                  OT1/cmss/bx/n --> TU/lmss/b/n on input line 173.
LaTeX Font Info:    Overwriting math alphabet `\mathtt' in version `bold'
(Font)                  OT1/cmtt/m/n --> TU/lmtt/b/n on input line 173.

Package fontspec Info: Font family '華康行楷體W5(0)' created for font '華康行楷體W5'
(fontspec)             with options [AutoFakeBold={0.5},AutoFakeSlant={0}].
(fontspec)              
(fontspec)              This font family consists of the following NFSS
(fontspec)             series/shapes:
(fontspec)              
(fontspec)             - 'normal' (m/n) with NFSS spec.:
(fontspec)             <->"華康行楷體W5/OT:language=dflt;"
(fontspec)             - 'small caps'  (m/sc) with NFSS spec.: 
(fontspec)             - 'bold' (b/n) with NFSS spec.:
(fontspec)             <->"華康行楷體W5/OT:language=dflt;embolden=0.5;"
(fontspec)             - 'bold small caps'  (b/sc) with NFSS spec.: 
(fontspec)             - 'italic' (m/it) with NFSS spec.:
(fontspec)             <->"華康行楷體W5/OT:language=dflt;slant=0;"
(fontspec)             - 'italic small caps'  (m/scit) with NFSS spec.: 
(fontspec)             - 'bold italic' (b/it) with NFSS spec.:
(fontspec)             <->"華康行楷體W5/OT:language=dflt;embolden=0.5;slant=0;"
(fontspec)             - 'bold italic small caps'  (b/scit) with NFSS spec.: 

LaTeX Font Info:    Trying to load font information for U+msa on input line 182
.

(C:\Users\QSnake\AppData\Local\Programs\MiKTeX\tex/latex/amsfonts\umsa.fd
File: umsa.fd 2013/01/14 v3.01 AMS symbols A
)
LaTeX Font Info:    Trying to load font information for U+msb on input line 182
.

(C:\Users\QSnake\AppData\Local\Programs\MiKTeX\tex/latex/amsfonts\umsb.fd
File: umsb.fd 2013/01/14 v3.01 AMS symbols B
)
LaTeX Font Info:    Trying to load font information for U+rsfs on input line 18
2.

(C:\Users\QSnake\AppData\Local\Programs\MiKTeX\tex/latex/jknappen\ursfs.fd
File: ursfs.fd 1998/03/24 rsfs font definition file (jk)
)

Package hyperref Warning: Token not allowed in a PDF string (Unicode):
(hyperref)                removing `\WC' on input line 182.


LaTeX Font Warning: Font shape `TU/標楷體(0)/b/n' undefined
(Font)              using `TU/標楷體(0)/m/n' instead on input line 184.

[1

]

Package tasks Warning: The width of `label-width' is too small on line 224.
(tasks)                Please set it at least to 16.6582pt.


Overfull \hbox (1.57301pt too wide) in paragraph at lines 224--224
\TU/TimesNewRoman(0)/m/n/12 (A)
 []


Package tasks Warning: The width of `label-width' is too small on line 224.
(tasks)                Please set it at least to 15.9961pt.


Overfull \hbox (0.9109pt too wide) in paragraph at lines 224--224
\TU/TimesNewRoman(0)/m/n/12 (B)
 []


Package tasks Warning: The width of `label-width' is too small on line 224.
(tasks)                Please set it at least to 15.9961pt.


Overfull \hbox (0.9109pt too wide) in paragraph at lines 224--224
\TU/TimesNewRoman(0)/m/n/12 (C)
 []


Package tasks Warning: The width of `label-width' is too small on line 224.
(tasks)                Please set it at least to 16.6582pt.


Overfull \hbox (1.57301pt too wide) in paragraph at lines 224--224
\TU/TimesNewRoman(0)/m/n/12 (D)
 []


Package tasks Warning: The width of `label-width' is too small on line 224.
(tasks)                Please set it at least to 15.32227pt.


Overfull \hbox (0.23708pt too wide) in paragraph at lines 224--224
\TU/TimesNewRoman(0)/m/n/12 (E)
 []


Overfull \hbox (1.55783pt too wide) in paragraph at lines 231--233
\TU/標楷體(0)/m/n/12 直 線 $\OML/cmm/m/it/12 L \OT1/cmr/m/n/12 : \OML/cmm/m/it/12 y 
\OT1/cmr/m/n/12 = \OML/cmm/m/it/12 mx \OT1/cmr/m/n/12 + 2$ \TU/標楷體(0)/m/n/12 上 
有 兩 點 $\OML/cmm/m/it/12 A []$\TU/標楷體(0)/m/n/12 、| $\OML/cmm/m/it/12 B []$\TU/標楷
體(0)/m/n/12 ，| $\OML/cmm/m/it/12 a; b \OMS/cmsy/m/n/12 2 \U/msb/m/n/12 R$\TU/標楷
體(0)/m/n/12 。|  若 $[] \OT1/cmr/m/n/12 = 5[]$\TU/標楷體(0)/m/n/12 ，|  試 求 $\OML/cmm
/m/it/12 m \OT1/cmr/m/n/12 =$|   []        
 []


Underfull \hbox (badness 10000) in paragraph at lines 239--240

 []

File: ./figure/1.png Graphic file (type bmp)
<./figure/1.png>

Overfull \hbox (1.99998pt too wide) in paragraph at lines 241--250
[][]  [] 
 []


Package tasks Warning: The width of `label-width' is too small on line 257.
(tasks)                Please set it at least to 16.6582pt.


Overfull \hbox (1.57301pt too wide) in paragraph at lines 257--257
\TU/TimesNewRoman(0)/m/n/12 (A)
 []


Package tasks Warning: The width of `label-width' is too small on line 257.
(tasks)                Please set it at least to 15.9961pt.


Overfull \hbox (0.9109pt too wide) in paragraph at lines 257--257
\TU/TimesNewRoman(0)/m/n/12 (B)
 []


Package tasks Warning: The width of `label-width' is too small on line 257.
(tasks)                Please set it at least to 15.9961pt.


Overfull \hbox (0.9109pt too wide) in paragraph at lines 257--257
\TU/TimesNewRoman(0)/m/n/12 (C)
 []


Package tasks Warning: The width of `label-width' is too small on line 257.
(tasks)                Please set it at least to 16.6582pt.


Overfull \hbox (1.57301pt too wide) in paragraph at lines 257--257
\TU/TimesNewRoman(0)/m/n/12 (D)
 []


Package tasks Warning: The width of `label-width' is too small on line 257.
(tasks)                Please set it at least to 15.32227pt.


Overfull \hbox (0.23708pt too wide) in paragraph at lines 257--257
\TU/TimesNewRoman(0)/m/n/12 (E)
 []

File: ./figure/2.png Graphic file (type bmp)
<./figure/2.png>

Overfull \hbox (1.99998pt too wide) in paragraph at lines 269--279
[]  [] 
 []

[2]

Package tasks Warning: The width of `label-width' is too small on line 289.
(tasks)                Please set it at least to 16.6582pt.


Overfull \hbox (1.57301pt too wide) in paragraph at lines 289--289
\TU/TimesNewRoman(0)/m/n/12 (A)
 []


Package tasks Warning: The width of `label-width' is too small on line 289.
(tasks)                Please set it at least to 15.9961pt.


Overfull \hbox (0.9109pt too wide) in paragraph at lines 289--289
\TU/TimesNewRoman(0)/m/n/12 (B)
 []


Package tasks Warning: The width of `label-width' is too small on line 289.
(tasks)                Please set it at least to 15.9961pt.


Overfull \hbox (0.9109pt too wide) in paragraph at lines 289--289
\TU/TimesNewRoman(0)/m/n/12 (C)
 []


Package tasks Warning: The width of `label-width' is too small on line 289.
(tasks)                Please set it at least to 16.6582pt.


Overfull \hbox (1.57301pt too wide) in paragraph at lines 289--289
\TU/TimesNewRoman(0)/m/n/12 (D)
 []


Package tasks Warning: The width of `label-width' is too small on line 289.
(tasks)                Please set it at least to 15.32227pt.


Overfull \hbox (0.23708pt too wide) in paragraph at lines 289--289
\TU/TimesNewRoman(0)/m/n/12 (E)
 []

File: ./figure/3.png Graphic file (type bmp)
<./figure/3.png>

Overfull \hbox (1.99998pt too wide) in paragraph at lines 297--307
[]  [] 
 []


Package tasks Warning: The width of `label-width' is too small on line 314.
(tasks)                Please set it at least to 16.6582pt.


Overfull \hbox (1.57301pt too wide) in paragraph at lines 314--314
\TU/TimesNewRoman(0)/m/n/12 (A)
 []


Package tasks Warning: The width of `label-width' is too small on line 314.
(tasks)                Please set it at least to 15.9961pt.


Overfull \hbox (0.9109pt too wide) in paragraph at lines 314--314
\TU/TimesNewRoman(0)/m/n/12 (B)
 []


Package tasks Warning: The width of `label-width' is too small on line 314.
(tasks)                Please set it at least to 15.9961pt.


Overfull \hbox (0.9109pt too wide) in paragraph at lines 314--314
\TU/TimesNewRoman(0)/m/n/12 (C)
 []


Package tasks Warning: The width of `label-width' is too small on line 314.
(tasks)                Please set it at least to 16.6582pt.


Overfull \hbox (1.57301pt too wide) in paragraph at lines 314--314
\TU/TimesNewRoman(0)/m/n/12 (D)
 []


Package tasks Warning: The width of `label-width' is too small on line 314.
(tasks)                Please set it at least to 15.32227pt.


Overfull \hbox (0.23708pt too wide) in paragraph at lines 314--314
\TU/TimesNewRoman(0)/m/n/12 (E)
 []

File: ./figure/4.png Graphic file (type bmp)
<./figure/4.png>

Overfull \hbox (1.99998pt too wide) in paragraph at lines 323--333
[]  [] 
 []


Package tasks Warning: The width of `label-width' is too small on line 340.
(tasks)                Please set it at least to 16.6582pt.


Overfull \hbox (1.57301pt too wide) in paragraph at lines 340--340
\TU/TimesNewRoman(0)/m/n/12 (A)
 []


Package tasks Warning: The width of `label-width' is too small on line 340.
(tasks)                Please set it at least to 15.9961pt.


Overfull \hbox (0.9109pt too wide) in paragraph at lines 340--340
\TU/TimesNewRoman(0)/m/n/12 (B)
 []


Package tasks Warning: The width of `label-width' is too small on line 340.
(tasks)                Please set it at least to 15.9961pt.


Overfull \hbox (0.9109pt too wide) in paragraph at lines 340--340
\TU/TimesNewRoman(0)/m/n/12 (C)
 []


Package tasks Warning: The width of `label-width' is too small on line 340.
(tasks)                Please set it at least to 16.6582pt.


Overfull \hbox (1.57301pt too wide) in paragraph at lines 340--340
\TU/TimesNewRoman(0)/m/n/12 (D)
 []


Package tasks Warning: The width of `label-width' is too small on line 340.
(tasks)                Please set it at least to 15.32227pt.


Overfull \hbox (0.23708pt too wide) in paragraph at lines 340--340
\TU/TimesNewRoman(0)/m/n/12 (E)
 []

[3]
File: ./figure/5.png Graphic file (type bmp)
<./figure/5.png>

Overfull \hbox (1.99998pt too wide) in paragraph at lines 348--358
[]  [] 
 []

File: ./figure/6.png Graphic file (type bmp)
<./figure/6.png>

Overfull \hbox (1.99998pt too wide) in paragraph at lines 366--376
[]  [] 
 []


Package tasks Warning: The width of `label-width' is too small on line 383.
(tasks)                Please set it at least to 16.6582pt.


Overfull \hbox (1.57301pt too wide) in paragraph at lines 383--383
\TU/TimesNewRoman(0)/m/n/12 (A)
 []


Package tasks Warning: The width of `label-width' is too small on line 383.
(tasks)                Please set it at least to 15.9961pt.


Overfull \hbox (0.9109pt too wide) in paragraph at lines 383--383
\TU/TimesNewRoman(0)/m/n/12 (B)
 []


Package tasks Warning: The width of `label-width' is too small on line 383.
(tasks)                Please set it at least to 15.9961pt.


Overfull \hbox (0.9109pt too wide) in paragraph at lines 383--383
\TU/TimesNewRoman(0)/m/n/12 (C)
 []


Package tasks Warning: The width of `label-width' is too small on line 383.
(tasks)                Please set it at least to 16.6582pt.


Overfull \hbox (1.57301pt too wide) in paragraph at lines 383--383
\TU/TimesNewRoman(0)/m/n/12 (D)
 []


Package tasks Warning: The width of `label-width' is too small on line 383.
(tasks)                Please set it at least to 15.32227pt.


Overfull \hbox (0.23708pt too wide) in paragraph at lines 383--383
\TU/TimesNewRoman(0)/m/n/12 (E)
 []

File: ./figure/7.png Graphic file (type bmp)
<./figure/7.png>

Overfull \hbox (1.99998pt too wide) in paragraph at lines 391--401
[]  [] 
 []


Package tasks Warning: The width of `label-width' is too small on line 409.
(tasks)                Please set it at least to 16.6582pt.


Overfull \hbox (1.57301pt too wide) in paragraph at lines 409--409
\TU/TimesNewRoman(0)/m/n/12 (A)
 []


Package tasks Warning: The width of `label-width' is too small on line 409.
(tasks)                Please set it at least to 15.9961pt.


Overfull \hbox (0.9109pt too wide) in paragraph at lines 409--409
\TU/TimesNewRoman(0)/m/n/12 (B)
 []


Package tasks Warning: The width of `label-width' is too small on line 409.
(tasks)                Please set it at least to 15.9961pt.


Overfull \hbox (0.9109pt too wide) in paragraph at lines 409--409
\TU/TimesNewRoman(0)/m/n/12 (C)
 []


Package tasks Warning: The width of `label-width' is too small on line 409.
(tasks)                Please set it at least to 16.6582pt.


Overfull \hbox (1.57301pt too wide) in paragraph at lines 409--409
\TU/TimesNewRoman(0)/m/n/12 (D)
 []


Package tasks Warning: The width of `label-width' is too small on line 409.
(tasks)                Please set it at least to 15.32227pt.


Overfull \hbox (0.23708pt too wide) in paragraph at lines 409--409
\TU/TimesNewRoman(0)/m/n/12 (E)
 []

[4]
File: ./figure/8.png Graphic file (type bmp)
<./figure/8.png>

Overfull \hbox (1.99998pt too wide) in paragraph at lines 416--426
[]  [] 
 []


Package tasks Warning: The width of `label-width' is too small on line 432.
(tasks)                Please set it at least to 16.6582pt.


Overfull \hbox (1.57301pt too wide) in paragraph at lines 432--432
\TU/TimesNewRoman(0)/m/n/12 (A)
 []


Package tasks Warning: The width of `label-width' is too small on line 432.
(tasks)                Please set it at least to 15.9961pt.


Overfull \hbox (0.9109pt too wide) in paragraph at lines 432--432
\TU/TimesNewRoman(0)/m/n/12 (B)
 []


Package tasks Warning: The width of `label-width' is too small on line 432.
(tasks)                Please set it at least to 15.9961pt.


Overfull \hbox (0.9109pt too wide) in paragraph at lines 432--432
\TU/TimesNewRoman(0)/m/n/12 (C)
 []


Package tasks Warning: The width of `label-width' is too small on line 432.
(tasks)                Please set it at least to 16.6582pt.


Overfull \hbox (1.57301pt too wide) in paragraph at lines 432--432
\TU/TimesNewRoman(0)/m/n/12 (D)
 []

File: ./figure/9.png Graphic file (type bmp)
<./figure/9.png>

Overfull \hbox (1.99998pt too wide) in paragraph at lines 440--450
[]  [] 
 []

[5]

Package tasks Warning: The width of `label-width' is too small on line 483.
(tasks)                Please set it at least to 16.6582pt.


Overfull \hbox (1.57301pt too wide) in paragraph at lines 483--483
\TU/TimesNewRoman(0)/m/n/12 (A)
 []


Package tasks Warning: The width of `label-width' is too small on line 483.
(tasks)                Please set it at least to 15.9961pt.


Overfull \hbox (0.9109pt too wide) in paragraph at lines 483--483
\TU/TimesNewRoman(0)/m/n/12 (B)
 []


Package tasks Warning: The width of `label-width' is too small on line 483.
(tasks)                Please set it at least to 15.9961pt.


Overfull \hbox (0.9109pt too wide) in paragraph at lines 483--483
\TU/TimesNewRoman(0)/m/n/12 (C)
 []


Package tasks Warning: The width of `label-width' is too small on line 483.
(tasks)                Please set it at least to 16.6582pt.


Overfull \hbox (1.57301pt too wide) in paragraph at lines 483--483
\TU/TimesNewRoman(0)/m/n/12 (D)
 []


Package tasks Warning: The width of `label-width' is too small on line 483.
(tasks)                Please set it at least to 15.32227pt.


Overfull \hbox (0.23708pt too wide) in paragraph at lines 483--483
\TU/TimesNewRoman(0)/m/n/12 (E)
 []

[6]
Overfull \hbox (50.06607pt too wide) in paragraph at lines 499--501
\TU/標楷體(0)/m/n/12 已 知 直 線 $\OML/cmm/m/it/12 y \OT1/cmr/m/n/12 = \OML/cmm/m/it/1
2 ax \OT1/cmr/m/n/12 + \OML/cmm/m/it/12 b$ \TU/標楷體(0)/m/n/12 的 圖 形 上 $\OML/cmm/
m/it/12 A []$\TU/標楷體(0)/m/n/12 、| $\OML/cmm/m/it/12 B []$\TU/標楷體(0)/m/n/12 、| $
\OML/cmm/m/it/12 C []$ \TU/標楷體(0)/m/n/12 三 點，|  則 序 組 $[] \OT1/cmr/m/n/12 =$|  
 []      \TU/標楷體(0)/m/n/12 。|
 []

[7]
Overfull \hbox (8.52849pt too wide) in paragraph at lines 536--538
\TU/標楷體(0)/m/n/12 已 知 三 點 $\OML/cmm/m/it/12 A []$\TU/標楷體(0)/m/n/12 、| $\OML/cmm
/m/it/12 B []$\TU/標楷體(0)/m/n/12 、| $\OML/cmm/m/it/12 C []$\TU/標楷體(0)/m/n/12 ，| 
$\OML/cmm/m/it/12 k \OMS/cmsy/m/n/12 2 \U/msb/m/n/12 R$\TU/標楷體(0)/m/n/12 。|  若 
$\OMS/cmsy/m/n/12 4\OML/cmm/m/it/12 ABC$ \TU/標楷體(0)/m/n/12 為 直 角 三 角 形，|  求 $\O
ML/cmm/m/it/12 k$ \TU/標楷體(0)/m/n/12 之 值 為|   []        
 []


Package tasks Warning: The width of `label-width' is too small on line 552.
(tasks)                Please set it at least to 16.6582pt.


Overfull \hbox (1.57301pt too wide) in paragraph at lines 552--552
\TU/TimesNewRoman(0)/m/n/12 (A)
 []


Package tasks Warning: The width of `label-width' is too small on line 552.
(tasks)                Please set it at least to 15.9961pt.


Overfull \hbox (0.9109pt too wide) in paragraph at lines 552--552
\TU/TimesNewRoman(0)/m/n/12 (B)
 []


Package tasks Warning: The width of `label-width' is too small on line 552.
(tasks)                Please set it at least to 15.9961pt.


Overfull \hbox (0.9109pt too wide) in paragraph at lines 552--552
\TU/TimesNewRoman(0)/m/n/12 (C)
 []


Package tasks Warning: The width of `label-width' is too small on line 552.
(tasks)                Please set it at least to 16.6582pt.


Overfull \hbox (1.57301pt too wide) in paragraph at lines 552--552
\TU/TimesNewRoman(0)/m/n/12 (D)
 []


Package tasks Warning: The width of `label-width' is too small on line 552.
(tasks)                Please set it at least to 15.32227pt.


Overfull \hbox (0.23708pt too wide) in paragraph at lines 552--552
\TU/TimesNewRoman(0)/m/n/12 (E)
 []

[8]

Package tasks Warning: The width of `label-width' is too small on line 586.
(tasks)                Please set it at least to 16.6582pt.


Overfull \hbox (1.57301pt too wide) in paragraph at lines 586--586
\TU/TimesNewRoman(0)/m/n/12 (A)
 []


Package tasks Warning: The width of `label-width' is too small on line 586.
(tasks)                Please set it at least to 15.9961pt.


Overfull \hbox (0.9109pt too wide) in paragraph at lines 586--586
\TU/TimesNewRoman(0)/m/n/12 (B)
 []


Package tasks Warning: The width of `label-width' is too small on line 586.
(tasks)                Please set it at least to 15.9961pt.


Overfull \hbox (0.9109pt too wide) in paragraph at lines 586--586
\TU/TimesNewRoman(0)/m/n/12 (C)
 []


Package tasks Warning: The width of `label-width' is too small on line 586.
(tasks)                Please set it at least to 16.6582pt.


Overfull \hbox (1.57301pt too wide) in paragraph at lines 586--586
\TU/TimesNewRoman(0)/m/n/12 (D)
 []


Package tasks Warning: The width of `label-width' is too small on line 586.
(tasks)                Please set it at least to 15.32227pt.


Overfull \hbox (0.23708pt too wide) in paragraph at lines 586--586
\TU/TimesNewRoman(0)/m/n/12 (E)
 []

[9] [10]
File: ./figure/10.png Graphic file (type bmp)
<./figure/10.png>

Overfull \hbox (1.99998pt too wide) in paragraph at lines 661--671
[]  [] 
 []

[11]

Package tasks Warning: The width of `label-width' is too small on line 686.
(tasks)                Please set it at least to 16.6582pt.


Overfull \hbox (1.57301pt too wide) in paragraph at lines 686--686
\TU/TimesNewRoman(0)/m/n/12 (A)
 []


Package tasks Warning: The width of `label-width' is too small on line 686.
(tasks)                Please set it at least to 15.9961pt.


Overfull \hbox (0.9109pt too wide) in paragraph at lines 686--686
\TU/TimesNewRoman(0)/m/n/12 (B)
 []


Package tasks Warning: The width of `label-width' is too small on line 686.
(tasks)                Please set it at least to 15.9961pt.


Overfull \hbox (0.9109pt too wide) in paragraph at lines 686--686
\TU/TimesNewRoman(0)/m/n/12 (C)
 []


Package tasks Warning: The width of `label-width' is too small on line 686.
(tasks)                Please set it at least to 16.6582pt.


Overfull \hbox (1.57301pt too wide) in paragraph at lines 686--686
\TU/TimesNewRoman(0)/m/n/12 (D)
 []


Package tasks Warning: The width of `label-width' is too small on line 686.
(tasks)                Please set it at least to 15.32227pt.


Overfull \hbox (0.23708pt too wide) in paragraph at lines 686--686
\TU/TimesNewRoman(0)/m/n/12 (E)
 []

File: ./figure/11.png Graphic file (type bmp)
<./figure/11.png>

Overfull \hbox (1.99998pt too wide) in paragraph at lines 693--703
[]  [] 
 []


Package tasks Warning: You've placed
(tasks)                
(tasks)                \tasks $m_3 > m_2 > m_1$ \tasks $m_1 \cdot m_4 = -1$
(tasks)                \tasks $m_1 < -1$ \tasks $m_2 \cdot m_3 < -1$ \tasks $c
(tasks)                > 0$
(tasks)                
(tasks)                before the first \task  on line 711. I will throw it
(tasks)                away and ignore it for the rest of the list.

File: ./figure/12.png Graphic file (type bmp)
<./figure/12.png>

Overfull \hbox (1.99998pt too wide) in paragraph at lines 719--729
[]  [] 
 []


Package tasks Warning: The width of `label-width' is too small on line 737.
(tasks)                Please set it at least to 16.6582pt.


Overfull \hbox (1.57301pt too wide) in paragraph at lines 737--737
\TU/TimesNewRoman(0)/m/n/12 (A)
 []


Package tasks Warning: The width of `label-width' is too small on line 737.
(tasks)                Please set it at least to 15.9961pt.


Overfull \hbox (0.9109pt too wide) in paragraph at lines 737--737
\TU/TimesNewRoman(0)/m/n/12 (B)
 []


Package tasks Warning: The width of `label-width' is too small on line 737.
(tasks)                Please set it at least to 15.9961pt.


Overfull \hbox (0.9109pt too wide) in paragraph at lines 737--737
\TU/TimesNewRoman(0)/m/n/12 (C)
 []


Package tasks Warning: The width of `label-width' is too small on line 737.
(tasks)                Please set it at least to 16.6582pt.


Overfull \hbox (1.57301pt too wide) in paragraph at lines 737--737
\TU/TimesNewRoman(0)/m/n/12 (D)
 []


Package tasks Warning: The width of `label-width' is too small on line 737.
(tasks)                Please set it at least to 15.32227pt.


Overfull \hbox (0.23708pt too wide) in paragraph at lines 737--737
\TU/TimesNewRoman(0)/m/n/12 (E)
 []

File: ./figure/13.png Graphic file (type bmp)
<./figure/13.png>

Overfull \hbox (1.99998pt too wide) in paragraph at lines 744--754
[]  [] 
 []

[12]

Package tasks Warning: The width of `label-width' is too small on line 761.
(tasks)                Please set it at least to 16.6582pt.


Overfull \hbox (1.57301pt too wide) in paragraph at lines 761--761
\TU/TimesNewRoman(0)/m/n/12 (A)
 []


Package tasks Warning: The width of `label-width' is too small on line 761.
(tasks)                Please set it at least to 15.9961pt.


Overfull \hbox (0.9109pt too wide) in paragraph at lines 761--761
\TU/TimesNewRoman(0)/m/n/12 (B)
 []


Package tasks Warning: The width of `label-width' is too small on line 761.
(tasks)                Please set it at least to 15.9961pt.


Overfull \hbox (0.9109pt too wide) in paragraph at lines 761--761
\TU/TimesNewRoman(0)/m/n/12 (C)
 []


Package tasks Warning: The width of `label-width' is too small on line 761.
(tasks)                Please set it at least to 16.6582pt.


Overfull \hbox (1.57301pt too wide) in paragraph at lines 761--761
\TU/TimesNewRoman(0)/m/n/12 (D)
 []


Package tasks Warning: The width of `label-width' is too small on line 761.
(tasks)                Please set it at least to 15.32227pt.


Overfull \hbox (0.23708pt too wide) in paragraph at lines 761--761
\TU/TimesNewRoman(0)/m/n/12 (E)
 []

File: ./figure/14.png Graphic file (type bmp)
<./figure/14.png>

Overfull \hbox (1.99998pt too wide) in paragraph at lines 768--778
[]  [] 
 []


Package tasks Warning: The width of `label-width' is too small on line 785.
(tasks)                Please set it at least to 16.6582pt.


Overfull \hbox (1.57301pt too wide) in paragraph at lines 785--785
\TU/TimesNewRoman(0)/m/n/12 (A)
 []


Package tasks Warning: The width of `label-width' is too small on line 785.
(tasks)                Please set it at least to 15.9961pt.


Overfull \hbox (0.9109pt too wide) in paragraph at lines 785--785
\TU/TimesNewRoman(0)/m/n/12 (B)
 []


Package tasks Warning: The width of `label-width' is too small on line 785.
(tasks)                Please set it at least to 15.9961pt.


Overfull \hbox (0.9109pt too wide) in paragraph at lines 785--785
\TU/TimesNewRoman(0)/m/n/12 (C)
 []


Package tasks Warning: The width of `label-width' is too small on line 785.
(tasks)                Please set it at least to 16.6582pt.


Overfull \hbox (1.57301pt too wide) in paragraph at lines 785--785
\TU/TimesNewRoman(0)/m/n/12 (D)
 []


Package tasks Warning: The width of `label-width' is too small on line 785.
(tasks)                Please set it at least to 15.32227pt.


Overfull \hbox (0.23708pt too wide) in paragraph at lines 785--785
\TU/TimesNewRoman(0)/m/n/12 (E)
 []

[13]

Package tasks Warning: The width of `label-width' is too small on line 829.
(tasks)                Please set it at least to 16.6582pt.


Overfull \hbox (1.57301pt too wide) in paragraph at lines 829--829
\TU/TimesNewRoman(0)/m/n/12 (A)
 []


Package tasks Warning: The width of `label-width' is too small on line 829.
(tasks)                Please set it at least to 15.9961pt.


Overfull \hbox (0.9109pt too wide) in paragraph at lines 829--829
\TU/TimesNewRoman(0)/m/n/12 (B)
 []


Package tasks Warning: The width of `label-width' is too small on line 829.
(tasks)                Please set it at least to 15.9961pt.


Overfull \hbox (0.9109pt too wide) in paragraph at lines 829--829
\TU/TimesNewRoman(0)/m/n/12 (C)
 []


Package tasks Warning: The width of `label-width' is too small on line 829.
(tasks)                Please set it at least to 16.6582pt.


Overfull \hbox (1.57301pt too wide) in paragraph at lines 829--829
\TU/TimesNewRoman(0)/m/n/12 (D)
 []


Package tasks Warning: The width of `label-width' is too small on line 829.
(tasks)                Please set it at least to 15.32227pt.


Overfull \hbox (0.23708pt too wide) in paragraph at lines 829--829
\TU/TimesNewRoman(0)/m/n/12 (E)
 []


Package tasks Warning: The width of `label-width' is too small on line 845.
(tasks)                Please set it at least to 16.6582pt.


Overfull \hbox (1.57301pt too wide) in paragraph at lines 845--845
\TU/TimesNewRoman(0)/m/n/12 (A)
 []


Package tasks Warning: The width of `label-width' is too small on line 845.
(tasks)                Please set it at least to 15.9961pt.


Overfull \hbox (0.9109pt too wide) in paragraph at lines 845--845
\TU/TimesNewRoman(0)/m/n/12 (B)
 []


Package tasks Warning: The width of `label-width' is too small on line 845.
(tasks)                Please set it at least to 15.9961pt.


Overfull \hbox (0.9109pt too wide) in paragraph at lines 845--845
\TU/TimesNewRoman(0)/m/n/12 (C)
 []


Package tasks Warning: The width of `label-width' is too small on line 845.
(tasks)                Please set it at least to 16.6582pt.


Overfull \hbox (1.57301pt too wide) in paragraph at lines 845--845
\TU/TimesNewRoman(0)/m/n/12 (D)
 []


Package tasks Warning: The width of `label-width' is too small on line 845.
(tasks)                Please set it at least to 15.32227pt.


Overfull \hbox (0.23708pt too wide) in paragraph at lines 845--845
\TU/TimesNewRoman(0)/m/n/12 (E)
 []

[14] [15] [16] [17] [18] [19]

Package tasks Warning: The width of `label-width' is too small on line 1034.
(tasks)                Please set it at least to 16.6582pt.


Overfull \hbox (1.57301pt too wide) in paragraph at lines 1034--1034
\TU/TimesNewRoman(0)/m/n/12 (A)
 []


Package tasks Warning: The width of `label-width' is too small on line 1034.
(tasks)                Please set it at least to 15.9961pt.


Overfull \hbox (0.9109pt too wide) in paragraph at lines 1034--1034
\TU/TimesNewRoman(0)/m/n/12 (B)
 []


Package tasks Warning: The width of `label-width' is too small on line 1034.
(tasks)                Please set it at least to 15.9961pt.


Overfull \hbox (1.93286pt too wide) in paragraph at lines 1034--1034
|$\OMS/cmsy/m/n/12 4\OML/cmm/m/it/12 ABC$ \TU/標楷體(0)/m/n/12 的 外 心 座 標 為 $[]$| 
 []


Overfull \hbox (0.9109pt too wide) in paragraph at lines 1034--1034
\TU/TimesNewRoman(0)/m/n/12 (C)
 []


Package tasks Warning: The width of `label-width' is too small on line 1034.
(tasks)                Please set it at least to 16.6582pt.


Overfull \hbox (1.57301pt too wide) in paragraph at lines 1034--1034
\TU/TimesNewRoman(0)/m/n/12 (D)
 []


Package tasks Warning: The width of `label-width' is too small on line 1034.
(tasks)                Please set it at least to 15.32227pt.


Overfull \hbox (0.23708pt too wide) in paragraph at lines 1034--1034
\TU/TimesNewRoman(0)/m/n/12 (E)
 []

[20] [21] [22]
This exam contains 74 questions with 0 parts, 0 subparts, and 0 subsubparts.
(section_3.1.aux)

LaTeX Font Warning: Some font shapes were not available, defaults substituted.

Package rerunfilecheck Info: File `section_3.1.out' has not changed.
(rerunfilecheck)             Checksum: 57F8E98889B55B02C149CA457164D48F;485.
 ) 
Here is how much of TeX's memory you used:
 32664 strings out of 410931
 675030 string characters out of 2822775
 1007829 words of memory out of 3000000
 52928 multiletter control sequences out of 15000+600000
 475678 words of font info for 85 fonts, out of 8000000 for 9000
 1348 hyphenation exceptions out of 8191
 85i,7n,90p,423b,769s stack positions out of 10000i,1000n,20000p,200000b,80000s

Output written on section_3.1.pdf (22 pages).
